1641468772582	geckodriver	INFO	Listening on 127.0.0.1:39353
1641468772584	mozrunner::runner	INFO	Running command: "/etc/profiles/per-user/yevhenshymotiuk/bin/firefox" "--marionette" "-foreground" "-no-remote" "-profile" "/tmp/rust_mozprofilePvtBmD"
1641468773039	Marionette	INFO	Marionette enabled
console.warn: SearchSettings: "get: No settings file exists, new profile?" (new NotFoundError("Could not open the file at /tmp/rust_mozprofilePvtBmD/search.json.mozlz4", (void 0)))
1641468773772	Marionette	INFO	Listening on port 37545
1641468773802	RemoteAgent	WARN	TLS certificate errors will be ignored for this session
JavaScript error: https://cdn.cookielaw.org/scripttemplates/6.26.0/otBannerSdk.js, line 7: TypeError: Bt(...).el[0] is undefined
1641468783503	Marionette	INFO	Stopped listening on port 37545
console.warn: TopSitesFeed: Failed to fetch data from Contile server: NetworkError when attempting to fetch resource.
[Parent 9848, IPC I/O Parent] WARNING: FileDescriptorSet destroyed with unconsumed descriptors: file /build/firefox-95.0.2/ipc/chromium/src/chrome/common/file_descriptor_set_posix.cc:19
1641468785422	geckodriver	INFO	Listening on 127.0.0.1:45877
1641468785424	mozrunner::runner	INFO	Running command: "/etc/profiles/per-user/yevhenshymotiuk/bin/firefox" "--marionette" "-foreground" "-no-remote" "-profile" "/tmp/rust_mozprofileIJI2oP"
1641468785864	Marionette	INFO	Marionette enabled
console.warn: SearchSettings: "get: No settings file exists, new profile?" (new NotFoundError("Could not open the file at /tmp/rust_mozprofileIJI2oP/search.json.mozlz4", (void 0)))
1641468786614	Marionette	INFO	Listening on port 37989
1641468786637	RemoteAgent	WARN	TLS certificate errors will be ignored for this session
JavaScript error: https://cdn.cookielaw.org/scripttemplates/6.26.0/otBannerSdk.js, line 7: TypeError: Bt(...).el[0] is undefined
1641468803500	geckodriver	INFO	Listening on 127.0.0.1:49773
1641468803503	mozrunner::runner	INFO	Running command: "/etc/profiles/per-user/yevhenshymotiuk/bin/firefox" "--marionette" "-foreground" "-no-remote" "-profile" "/tmp/rust_mozprofileCFj0OY"
1641468803962	Marionette	INFO	Marionette enabled
console.warn: SearchSettings: "get: No settings file exists, new profile?" (new NotFoundError("Could not open the file at /tmp/rust_mozprofileCFj0OY/search.json.mozlz4", (void 0)))
1641468804708	Marionette	INFO	Listening on port 33927
1641468804816	RemoteAgent	WARN	TLS certificate errors will be ignored for this session
1641468805802	Marionette	INFO	Stopped listening on port 37989
console.warn: TopSitesFeed: Failed to fetch data from Contile server: NetworkError when attempting to fetch resource.

###!!! [Child][MessageChannel] Error: (msgtype=0x6C0025,name=PNecko::Msg_RemoveRequestContext) Channel closing: too late to send/recv, messages will be lost

JavaScript error: https://cdn.cookielaw.org/scripttemplates/6.26.0/otBannerSdk.js, line 7: TypeError: Bt(...).el[0] is undefined
1641468839638	geckodriver	INFO	Listening on 127.0.0.1:54383
1641468839641	mozrunner::runner	INFO	Running command: "/etc/profiles/per-user/yevhenshymotiuk/bin/firefox" "--marionette" "-foreground" "-no-remote" "-profile" "/tmp/rust_mozprofilejtaGfo"
1641468840096	Marionette	INFO	Marionette enabled
console.warn: SearchSettings: "get: No settings file exists, new profile?" (new NotFoundError("Could not open the file at /tmp/rust_mozprofilejtaGfo/search.json.mozlz4", (void 0)))
1641468840868	Marionette	INFO	Listening on port 43307
1641468840953	RemoteAgent	WARN	TLS certificate errors will be ignored for this session
1641468842134	Marionette	INFO	Stopped listening on port 33927
console.warn: TopSitesFeed: Failed to fetch data from Contile server: NetworkError when attempting to fetch resource.

###!!! [Parent][RunMessage] Error: Channel closing: too late to send/recv, messages will be lost

JavaScript error: https://cdn.cookielaw.org/scripttemplates/6.26.0/otBannerSdk.js, line 7: TypeError: Bt(...).el[0] is undefined
1641468918365	Marionette	INFO	Stopped listening on port 43307
console.warn: TopSitesFeed: Failed to fetch data from Contile server: NetworkError when attempting to fetch resource.

###!!! [Parent][RunMessage] Error: Channel closing: too late to send/recv, messages will be lost

1641468919820	geckodriver	INFO	Listening on 127.0.0.1:42469
1641468919822	mozrunner::runner	INFO	Running command: "/etc/profiles/per-user/yevhenshymotiuk/bin/firefox" "--marionette" "-foreground" "-no-remote" "-profile" "/tmp/rust_mozprofilerORO7l"
1641468920311	Marionette	INFO	Marionette enabled
console.warn: SearchSettings: "get: No settings file exists, new profile?" (new NotFoundError("Could not open the file at /tmp/rust_mozprofilerORO7l/search.json.mozlz4", (void 0)))
1641468921070	Marionette	INFO	Listening on port 36033
1641468921135	RemoteAgent	WARN	TLS certificate errors will be ignored for this session
1641468944127	Marionette	INFO	Stopped listening on port 36033
console.warn: TopSitesFeed: Failed to fetch data from Contile server: NetworkError when attempting to fetch resource.

###!!! [Parent][RunMessage] Error: Channel closing: too late to send/recv, messages will be lost

1641468946448	geckodriver	INFO	Listening on 127.0.0.1:43449
1641468946451	mozrunner::runner	INFO	Running command: "/etc/profiles/per-user/yevhenshymotiuk/bin/firefox" "--marionette" "-foreground" "-no-remote" "-profile" "/tmp/rust_mozprofileYEbuRa"
1641468946899	Marionette	INFO	Marionette enabled
console.warn: SearchSettings: "get: No settings file exists, new profile?" (new NotFoundError("Could not open the file at /tmp/rust_mozprofileYEbuRa/search.json.mozlz4", (void 0)))
1641468947638	Marionette	INFO	Listening on port 32899
1641468947663	RemoteAgent	WARN	TLS certificate errors will be ignored for this session
1641468975805	Marionette	INFO	Stopped listening on port 32899
console.warn: TopSitesFeed: Failed to fetch data from Contile server: NetworkError when attempting to fetch resource.

###!!! [Parent][RunMessage] Error: Channel closing: too late to send/recv, messages will be lost

1641468977732	geckodriver	INFO	Listening on 127.0.0.1:45387
1641468977735	mozrunner::runner	INFO	Running command: "/etc/profiles/per-user/yevhenshymotiuk/bin/firefox" "--marionette" "-foreground" "-no-remote" "-profile" "/tmp/rust_mozprofilePk2NA3"
1641468978212	Marionette	INFO	Marionette enabled
console.warn: SearchSettings: "get: No settings file exists, new profile?" (new NotFoundError("Could not open the file at /tmp/rust_mozprofilePk2NA3/search.json.mozlz4", (void 0)))
1641468978946	Marionette	INFO	Listening on port 38267
1641468979049	RemoteAgent	WARN	TLS certificate errors will be ignored for this session
Exiting due to channel error.
Exiting due to channel error.
1641468983805	geckodriver	INFO	Listening on 127.0.0.1:58305
1641468983808	mozrunner::runner	INFO	Running command: "/etc/profiles/per-user/yevhenshymotiuk/bin/firefox" "--marionette" "-foreground" "-no-remote" "-profile" "/tmp/rust_mozprofileXBHrI3"
1641468984300	Marionette	INFO	Marionette enabled
console.warn: SearchSettings: "get: No settings file exists, new profile?" (new NotFoundError("Could not open the file at /tmp/rust_mozprofileXBHrI3/search.json.mozlz4", (void 0)))
1641468985103	Marionette	INFO	Listening on port 41635
1641468985122	RemoteAgent	WARN	TLS certificate errors will be ignored for this session
1641468997603	geckodriver	INFO	Listening on 127.0.0.1:49121
1641468997608	mozrunner::runner	INFO	Running command: "/etc/profiles/per-user/yevhenshymotiuk/bin/firefox" "--marionette" "-foreground" "-no-remote" "-profile" "/tmp/rust_mozprofileGOzuZz"
1641468998067	Marionette	INFO	Marionette enabled
console.warn: SearchSettings: "get: No settings file exists, new profile?" (new NotFoundError("Could not open the file at /tmp/rust_mozprofileGOzuZz/search.json.mozlz4", (void 0)))
1641468998946	Marionette	INFO	Listening on port 42041
1641468999028	RemoteAgent	WARN	TLS certificate errors will be ignored for this session
1641468999478	Marionette	INFO	Stopped listening on port 41635
console.warn: TopSitesFeed: Failed to fetch data from Contile server: NetworkError when attempting to fetch resource.

###!!! [Parent][RunMessage] Error: Channel closing: too late to send/recv, messages will be lost

1641469012073	Marionette	INFO	Stopped listening on port 42041
console.warn: TopSitesFeed: Failed to fetch data from Contile server: NetworkError when attempting to fetch resource.
1641469013626	geckodriver	INFO	Listening on 127.0.0.1:39777
1641469013628	mozrunner::runner	INFO	Running command: "/etc/profiles/per-user/yevhenshymotiuk/bin/firefox" "--marionette" "-foreground" "-no-remote" "-profile" "/tmp/rust_mozprofileY6Fxyb"
1641469014082	Marionette	INFO	Marionette enabled
console.warn: SearchSettings: "get: No settings file exists, new profile?" (new NotFoundError("Could not open the file at /tmp/rust_mozprofileY6Fxyb/search.json.mozlz4", (void 0)))
1641469014841	Marionette	INFO	Listening on port 35759
1641469014941	RemoteAgent	WARN	TLS certificate errors will be ignored for this session
JavaScript error: https://cdn.cookielaw.org/scripttemplates/6.26.0/otBannerSdk.js, line 7: TypeError: Bt(...).el[0] is undefined
JavaScript error: https://cdn.cookielaw.org/scripttemplates/6.26.0/otBannerSdk.js, line 7: TypeError: Bt(...).el[0] is undefined
1641469025284	geckodriver	INFO	Listening on 127.0.0.1:37191
1641469025288	mozrunner::runner	INFO	Running command: "/etc/profiles/per-user/yevhenshymotiuk/bin/firefox" "--marionette" "-foreground" "-no-remote" "-profile" "/tmp/rust_mozprofileB2cgAi"
1641469025814	Marionette	INFO	Marionette enabled
1641469025885	Marionette	INFO	Stopped listening on port 35759
console.warn: TopSitesFeed: Failed to fetch data from Contile server: NetworkError when attempting to fetch resource.

###!!! [Parent][RunMessage] Error: Channel closing: too late to send/recv, messages will be lost

console.warn: SearchSettings: "get: No settings file exists, new profile?" (new NotFoundError("Could not open the file at /tmp/rust_mozprofileB2cgAi/search.json.mozlz4", (void 0)))
1641469026721	Marionette	INFO	Listening on port 35073
1641469026802	RemoteAgent	WARN	TLS certificate errors will be ignored for this session
JavaScript error: https://cdn.cookielaw.org/scripttemplates/6.26.0/otBannerSdk.js, line 7: TypeError: Bt(...).el[0] is undefined
1641469091554	Marionette	INFO	Stopped listening on port 35073
console.warn: TopSitesFeed: Failed to fetch data from Contile server: NetworkError when attempting to fetch resource.

###!!! [Parent][RunMessage] Error: Channel closing: too late to send/recv, messages will be lost

1641469093104	geckodriver	INFO	Listening on 127.0.0.1:41963
1641469093107	mozrunner::runner	INFO	Running command: "/etc/profiles/per-user/yevhenshymotiuk/bin/firefox" "--marionette" "-foreground" "-no-remote" "-profile" "/tmp/rust_mozprofilehwxrT6"
1641469093552	Marionette	INFO	Marionette enabled
console.warn: SearchSettings: "get: No settings file exists, new profile?" (new NotFoundError("Could not open the file at /tmp/rust_mozprofilehwxrT6/search.json.mozlz4", (void 0)))
1641469094297	Marionette	INFO	Listening on port 46619
1641469094323	RemoteAgent	WARN	TLS certificate errors will be ignored for this session
JavaScript error: https://cdn.cookielaw.org/scripttemplates/6.26.0/otBannerSdk.js, line 7: TypeError: Bt(...).el[0] is undefined
1641469113445	geckodriver	INFO	Listening on 127.0.0.1:55163
1641469113447	mozrunner::runner	INFO	Running command: "/etc/profiles/per-user/yevhenshymotiuk/bin/firefox" "--marionette" "-foreground" "-no-remote" "-profile" "/tmp/rust_mozprofileFdTnI6"
1641469113956	Marionette	INFO	Marionette enabled
console.warn: SearchSettings: "get: No settings file exists, new profile?" (new NotFoundError("Could not open the file at /tmp/rust_mozprofileFdTnI6/search.json.mozlz4", (void 0)))
1641469114775	Marionette	INFO	Listening on port 39877
1641469114860	RemoteAgent	WARN	TLS certificate errors will be ignored for this session
JavaScript error: https://cdn.cookielaw.org/scripttemplates/6.26.0/otBannerSdk.js, line 7: TypeError: Bt(...).el[0] is undefined
1641469117437	Marionette	INFO	Stopped listening on port 46619
console.warn: TopSitesFeed: Failed to fetch data from Contile server: NetworkError when attempting to fetch resource.
JavaScript error: https://cdn.cookielaw.org/scripttemplates/6.26.0/otBannerSdk.js, line 7: TypeError: Bt(...).el[0] is undefined
1641469120525	Marionette	INFO	Stopped listening on port 39877

###!!! [Parent][RunMessage] Error: Channel closing: too late to send/recv, messages will be lost

1641469124151	geckodriver	INFO	Listening on 127.0.0.1:50829
1641469124153	mozrunner::runner	INFO	Running command: "/etc/profiles/per-user/yevhenshymotiuk/bin/firefox" "--marionette" "-foreground" "-no-remote" "-profile" "/tmp/rust_mozprofile2BH3qQ"
1641469124627	Marionette	INFO	Marionette enabled
console.warn: SearchSettings: "get: No settings file exists, new profile?" (new NotFoundError("Could not open the file at /tmp/rust_mozprofile2BH3qQ/search.json.mozlz4", (void 0)))
1641469125350	Marionette	INFO	Listening on port 37333
1641469125370	RemoteAgent	WARN	TLS certificate errors will be ignored for this session
JavaScript error: https://cdn.cookielaw.org/scripttemplates/6.26.0/otBannerSdk.js, line 7: TypeError: Bt(...).el[0] is undefined
JavaScript error: https://cdn.cookielaw.org/scripttemplates/6.26.0/otBannerSdk.js, line 7: TypeError: Bt(...).el[0] is undefined
1641469135450	Marionette	INFO	Stopped listening on port 37333
[Parent 13159, IPC I/O Parent] WARNING: FileDescriptorSet destroyed with unconsumed descriptors: file /build/firefox-95.0.2/ipc/chromium/src/chrome/common/file_descriptor_set_posix.cc:19

###!!! [Parent][RunMessage] Error: Channel closing: too late to send/recv, messages will be lost

1641469701173	geckodriver	INFO	Listening on 127.0.0.1:60699
1641469701176	mozrunner::runner	INFO	Running command: "/etc/profiles/per-user/yevhenshymotiuk/bin/firefox" "--marionette" "-foreground" "-no-remote" "-profile" "/tmp/rust_mozprofile4eMTfF"
1641469701654	Marionette	INFO	Marionette enabled
console.warn: SearchSettings: "get: No settings file exists, new profile?" (new NotFoundError("Could not open the file at /tmp/rust_mozprofile4eMTfF/search.json.mozlz4", (void 0)))
1641469702378	Marionette	INFO	Listening on port 43897
1641469702391	RemoteAgent	WARN	TLS certificate errors will be ignored for this session
JavaScript error: https://cdn.cookielaw.org/scripttemplates/6.26.0/otBannerSdk.js, line 7: TypeError: Bt(...).el[0] is undefined
JavaScript error: https://cdn.cookielaw.org/scripttemplates/6.26.0/otBannerSdk.js, line 7: TypeError: Bt(...).el[0] is undefined
1641469708088	Marionette	INFO	Stopped listening on port 43897

###!!! [Parent][RunMessage] Error: Channel closing: too late to send/recv, messages will be lost

1641469716062	geckodriver	INFO	Listening on 127.0.0.1:60781
1641469716064	mozrunner::runner	INFO	Running command: "/etc/profiles/per-user/yevhenshymotiuk/bin/firefox" "--marionette" "-foreground" "-no-remote" "-profile" "/tmp/rust_mozprofileM8T7Dk"
1641469716560	Marionette	INFO	Marionette enabled
console.warn: SearchSettings: "get: No settings file exists, new profile?" (new NotFoundError("Could not open the file at /tmp/rust_mozprofileM8T7Dk/search.json.mozlz4", (void 0)))
1641469717338	Marionette	INFO	Listening on port 36351
1641469717378	RemoteAgent	WARN	TLS certificate errors will be ignored for this session
JavaScript error: https://cdn.cookielaw.org/scripttemplates/6.26.0/otBannerSdk.js, line 7: TypeError: Bt(...).el[0] is undefined
JavaScript error: https://cdn.cookielaw.org/scripttemplates/6.26.0/otBannerSdk.js, line 7: TypeError: Bt(...).el[0] is undefined
1641469730439	Marionette	INFO	Stopped listening on port 36351

###!!! [Child][MessageChannel] Error: (msgtype=0x5B000B,name=PHttpChannel::Msg___delete__) Channel closing: too late to send/recv, messages will be lost


###!!! [Child][MessageChannel] Error: (msgtype=0x6C0025,name=PNecko::Msg_RemoveRequestContext) Channel closing: too late to send/recv, messages will be lost


###!!! [Parent][RunMessage] Error: Channel closing: too late to send/recv, messages will be lost

